<?xml version="1.0" encoding="UTF-8"?>
<!-- Generated by org.testng.reporters.JUnitReportReporter -->
<testsuite hostname="Asplap1701" failures="0" tests="1" name="com.sample.maven.sample.AppTest" time="3.316" errors="0" timestamp="2024-05-14T15:57:56 IST" skipped="0">
  <testcase classname="com.sample.maven.sample.AppTest" name="example" time="3.316"/>
  <system-out/>
</testsuite> <!-- com.sample.maven.sample.AppTest -->
