<?xml version="1.0" encoding="UTF-8"?>
<!-- Generated by org.testng.reporters.JUnitReportReporter -->
<testsuite hostname="Asplap1701" failures="0" tests="1" name="TestRun.TestRunClass" time="35.961" errors="0" timestamp="2024-05-17T11:01:13 IST" skipped="0">
  <testcase classname="TestRun.TestRunClass" name="sample" time="35.961"/>
  <system-out/>
</testsuite> <!-- TestRun.TestRunClass -->
