<?xml version="1.0" encoding="UTF-8"?>
<!-- Generated by org.testng.reporters.JUnitReportReporter -->
<testsuite hostname="Asplap1701" failures="0" tests="1" name="TestRun.TestRunClass" time="18.952" errors="0" timestamp="2024-05-14T12:26:39 IST" skipped="0">
  <testcase classname="TestRun.TestRunClass" name="sample" time="18.952"/>
  <system-out/>
</testsuite> <!-- TestRun.TestRunClass -->
