<?xml version="1.0" encoding="UTF-8"?>
<!-- Generated by org.testng.reporters.JUnitReportReporter -->
<testsuite hostname="Asplap1701" failures="0" tests="1" name="BaseTest.App" time="6.816" errors="0" timestamp="2024-03-28T19:30:02 IST" skipped="0">
  <testcase classname="BaseTest.App" name="launchBrowser" time="6.816"/>
  <system-out/>
</testsuite> <!-- BaseTest.App -->
